L 05/20/2002 - 01:29:02: Log file started (file "c:\hlds\ion\hlserver\firearms\logs\L0520000.log") (game "firearms") (version "45/4.1.0.9/2020")
L 05/20/2002 - 01:29:02: Loading map "ps_upham"
L 05/20/2002 - 01:29:02: Server cvars start
L 05/20/2002 - 01:29:02: Server cvar "mp_logfile" = "1"
L 05/20/2002 - 01:29:02: Server cvar "deathmatch" = "1"
L 05/20/2002 - 01:29:02: Server cvar "coop" = "0"
L 05/20/2002 - 01:29:02: Server cvar "pausable" = "0"
L 05/20/2002 - 01:29:02: Server cvar "sv_voiceenable" = "1"
L 05/20/2002 - 01:29:02: Server cvar "mp_consistency" = "1"
L 05/20/2002 - 01:29:02: Server cvar "sv_contact" = ""
L 05/20/2002 - 01:29:02: Server cvar "sv_proxies" = "1"
L 05/20/2002 - 01:29:02: Server cvar "sv_password" = ""
L 05/20/2002 - 01:29:02: Server cvar "sv_aim" = "0"
L 05/20/2002 - 01:29:02: Server cvar "sv_gravity" = "800"
L 05/20/2002 - 01:29:02: Server cvar "sv_friction" = "4"
L 05/20/2002 - 01:29:02: Server cvar "edgefriction" = "2"
L 05/20/2002 - 01:29:02: Server cvar "sv_stopspeed" = "100"
L 05/20/2002 - 01:29:02: Server cvar "sv_maxspeed" = "295"
L 05/20/2002 - 01:29:02: Server cvar "mp_footsteps" = "1"
L 05/20/2002 - 01:29:02: Server cvar "sv_accelerate" = "10"
L 05/20/2002 - 01:29:02: Server cvar "sv_stepsize" = "18"
L 05/20/2002 - 01:29:02: Server cvar "sv_clipmode" = "0"
L 05/20/2002 - 01:29:02: Server cvar "sv_bounce" = "1"
L 05/20/2002 - 01:29:02: Server cvar "sv_airmove" = "1"
L 05/20/2002 - 01:29:02: Server cvar "sv_airaccelerate" = "10"
L 05/20/2002 - 01:29:02: Server cvar "sv_wateraccelerate" = "10"
L 05/20/2002 - 01:29:02: Server cvar "sv_waterfriction" = "1"
L 05/20/2002 - 01:29:02: Server cvar "sv_clienttrace" = "3.5"
L 05/20/2002 - 01:29:02: Server cvar "sv_cheats" = "0"
L 05/20/2002 - 01:29:02: Server cvar "sv_allowupload" = "1"
L 05/20/2002 - 01:29:02: Server cvar "sv_minrate" = "0"
L 05/20/2002 - 01:29:02: Server cvar "sv_maxrate" = "0"
L 05/20/2002 - 01:29:02: Server cvar "mp_teamplay" = "1"
L 05/20/2002 - 01:29:02: Server cvar "vote_llama_freq" = "600"
L 05/20/2002 - 01:29:02: Server cvar "vote_llama_ratio" = "80"
L 05/20/2002 - 01:29:02: Server cvar "mp_fraglimit" = "0"
L 05/20/2002 - 01:29:02: Server cvar "mp_timelimit" = "0"
L 05/20/2002 - 01:29:02: Server cvar "mp_fragsleft" = "0"
L 05/20/2002 - 01:29:02: Server cvar "mp_timeleft" = "0"
L 05/20/2002 - 01:29:02: Server cvar "allow_spectators" = "1.0"
L 05/20/2002 - 01:29:02: Server cvar "sv_useskills" = "1"
L 05/20/2002 - 01:29:02: Server cvar "sv_squadsize" = "5"
L 05/20/2002 - 01:29:02: Server cvar "mp_friendlyfire" = "0"
L 05/20/2002 - 01:29:02: Server cvar "mp_falldamage" = "0"
L 05/20/2002 - 01:29:02: Server cvar "mp_weaponstay" = "0"
L 05/20/2002 - 01:29:02: Server cvar "mp_forcerespawn" = "0"
L 05/20/2002 - 01:29:02: Server cvar "mp_flashlight" = "1"
L 05/20/2002 - 01:29:02: Server cvar "mp_autocrosshair" = "0"
L 05/20/2002 - 01:29:02: Server cvar "decalfrequency" = "30"
L 05/20/2002 - 01:29:02: Server cvar "mp_teamlist" = "Red Force;Blue Force"
L 05/20/2002 - 01:29:02: Server cvar "mp_allowmonsters" = "0"
L 05/20/2002 - 01:29:02: Server cvar "mp_blood" = "1"
L 05/20/2002 - 01:29:02: Server cvar "mp_shells" = "1"
L 05/20/2002 - 01:29:02: Server cvar "mp_bulletholes" = "1"
L 05/20/2002 - 01:29:02: Server cvars end
L 05/20/2002 - 01:29:05: Started map "ps_upham" (CRC "206513628")
L 05/20/2002 - 01:29:05: Log file closed
